# JRE version: OpenJDK Runtime Environment (20.0.2+9) (build 20.0.2+9-78)
# Java VM: OpenJDK 64-Bit Server VM (20.0.2+9-78, mixed mode, sharing, tiered, compressed oops, compressed class ptrs, g1 gc, windows-amd64)
GC Precious Log:
 CardTable entry size: 512
 Card Set container configuration: InlinePtr #cards 5 size 8 Array Of Cards #cards 12 size 40 Howl #buckets 4 coarsen threshold 1843 Howl Bitmap #cards 512 size 80 coarsen threshold 460 Card regions per heap region 1 cards per card region 2048
 CPUs: 12 total, 12 available
 Memory: 7896M
 Large Page Support: Disabled
 NUMA Support: Disabled
 Compressed Oops: Enabled (32-bit)
 Heap Region Size: 1M
 Heap Min Capacity: 8M
 Heap Initial Capacity: 124M
 Heap Max Capacity: 1976M
 Pre-touch: Disabled
 Parallel Workers: 10
 Concurrent Workers: 3
 Concurrent Refinement Workers: 10
 Periodic GC: Disabled
Heap:
 garbage-first heap   total 61440K, used 39650K [0x0000000084800000, 0x0000000100000000)
  region size 1024K, 7 young (7168K), 1 survivors (1024K)
 Metaspace       used 30118K, committed 30720K, reserved 1114112K
  class space    used 3896K, committed 4160K, reserved 1048576K
GC Heap History (20 events):
Event: 12.556 GC heap before
{Heap before GC invocations=7 (full 0):
 garbage-first heap   total 45056K, used 21234K [0x0000000084800000, 0x0000000100000000)
  region size 1024K, 3 young (3072K), 2 survivors (2048K)
 Metaspace       used 28140K, committed 28672K, reserved 1114112K
  class space    used 3787K, committed 4032K, reserved 1048576K
}
Event: 12.558 GC heap after
{Heap after GC invocations=8 (full 0):
 garbage-first heap   total 45056K, used 21258K [0x0000000084800000, 0x0000000100000000)
  region size 1024K, 2 young (2048K), 2 survivors (2048K)
 Metaspace       used 28140K, committed 28672K, reserved 1114112K
  class space    used 3787K, committed 4032K, reserved 1048576K
}
Event: 13.742 GC heap before
{Heap before GC invocations=9 (full 0):
 garbage-first heap   total 53248K, used 48906K [0x0000000084800000, 0x0000000100000000)
  region size 1024K, 18 young (18432K), 2 survivors (2048K)
 Metaspace       used 28498K, committed 29056K, reserved 1114112K
  class space    used 3795K, committed 4032K, reserved 1048576K
}
Event: 13.746 GC heap after
{Heap after GC invocations=10 (full 0):
 garbage-first heap   total 54272K, used 30894K [0x0000000084800000, 0x0000000100000000)
  region size 1024K, 3 young (3072K), 3 survivors (3072K)
 Metaspace       used 28498K, committed 29056K, reserved 1114112K
  class space    used 3795K, committed 4032K, reserved 1048576K
}
Event: 18.815 GC heap before
{Heap before GC invocations=10 (full 0):
 garbage-first heap   total 54272K, used 45230K [0x0000000084800000, 0x0000000100000000)
  region size 1024K, 18 young (18432K), 3 survivors (3072K)
 Metaspace       used 29603K, committed 30144K, reserved 1114112K
  class space    used 3885K, committed 4160K, reserved 1048576K
}
Event: 18.818 GC heap after
{Heap after GC invocations=11 (full 0):
 garbage-first heap   total 54272K, used 31656K [0x0000000084800000, 0x0000000100000000)
  region size 1024K, 3 young (3072K), 3 survivors (3072K)
 Metaspace       used 29603K, committed 30144K, reserved 1114112K
  class space    used 3885K, committed 4160K, reserved 1048576K
}
Event: 19.229 GC heap before
{Heap before GC invocations=11 (full 0):
 garbage-first heap   total 54272K, used 34728K [0x0000000084800000, 0x0000000100000000)
  region size 1024K, 8 young (8192K), 3 survivors (3072K)
 Metaspace       used 29747K, committed 30336K, reserved 1114112K
  class space    used 3889K, committed 4160K, reserved 1048576K
}
Event: 19.232 GC heap after
{Heap after GC invocations=12 (full 0):
 garbage-first heap   total 54272K, used 32307K [0x0000000084800000, 0x0000000100000000)
  region size 1024K, 2 young (2048K), 2 survivors (2048K)
 Metaspace       used 29747K, committed 30336K, reserved 1114112K
  class space    used 3889K, committed 4160K, reserved 1048576K
}
Event: 19.988 GC heap before
{Heap before GC invocations=13 (full 0):
 garbage-first heap   total 56320K, used 47667K [0x0000000084800000, 0x0000000100000000)
  region size 1024K, 17 young (17408K), 2 survivors (2048K)
 Metaspace       used 29891K, committed 30464K, reserved 1114112K
  class space    used 3892K, committed 4160K, reserved 1048576K
}
Event: 19.990 GC heap after
{Heap after GC invocations=14 (full 0):
 garbage-first heap   total 56320K, used 35586K [0x0000000084800000, 0x0000000100000000)
  region size 1024K, 3 young (3072K), 3 survivors (3072K)
 Metaspace       used 29891K, committed 30464K, reserved 1114112K
  class space    used 3892K, committed 4160K, reserved 1048576K
}
Event: 20.387 GC heap before
{Heap before GC invocations=14 (full 0):
 garbage-first heap   total 56320K, used 48898K [0x0000000084800000, 0x0000000100000000)
  region size 1024K, 16 young (16384K), 3 survivors (3072K)
 Metaspace       used 29907K, committed 30464K, reserved 1114112K
  class space    used 3892K, committed 4160K, reserved 1048576K
}
Event: 20.390 GC heap after
{Heap after GC invocations=15 (full 0):
 garbage-first heap   total 56320K, used 34705K [0x0000000084800000, 0x0000000100000000)
  region size 1024K, 1 young (1024K), 1 survivors (1024K)
 Metaspace       used 29907K, committed 30464K, reserved 1114112K
  class space    used 3892K, committed 4160K, reserved 1048576K
}
Event: 20.882 GC heap before
{Heap before GC invocations=15 (full 0):
 garbage-first heap   total 56320K, used 50065K [0x0000000084800000, 0x0000000100000000)
  region size 1024K, 16 young (16384K), 1 survivors (1024K)
 Metaspace       used 29929K, committed 30528K, reserved 1114112K
  class space    used 3893K, committed 4160K, reserved 1048576K
}
Event: 20.883 GC heap after
{Heap after GC invocations=16 (full 0):
 garbage-first heap   total 56320K, used 34839K [0x0000000084800000, 0x0000000100000000)
  region size 1024K, 1 young (1024K), 1 survivors (1024K)
 Metaspace       used 29929K, committed 30528K, reserved 1114112K
  class space    used 3893K, committed 4160K, reserved 1048576K
}
Event: 21.378 GC heap before
{Heap before GC invocations=17 (full 0):
 garbage-first heap   total 61440K, used 50199K [0x0000000084800000, 0x0000000100000000)
  region size 1024K, 16 young (16384K), 1 survivors (1024K)
 Metaspace       used 29941K, committed 30528K, reserved 1114112K
  class space    used 3893K, committed 4160K, reserved 1048576K
}
Event: 21.379 GC heap after
{Heap after GC invocations=18 (full 0):
 garbage-first heap   total 61440K, used 34611K [0x0000000084800000, 0x0000000100000000)
  region size 1024K, 1 young (1024K), 1 survivors (1024K)
 Metaspace       used 29941K, committed 30528K, reserved 1114112K
  class space    used 3893K, committed 4160K, reserved 1048576K
}
Event: 21.933 GC heap before
{Heap before GC invocations=18 (full 0):
 garbage-first heap   total 61440K, used 55091K [0x0000000084800000, 0x0000000100000000)
  region size 1024K, 21 young (21504K), 1 survivors (1024K)
 Metaspace       used 29961K, committed 30528K, reserved 1114112K
  class space    used 3893K, committed 4160K, reserved 1048576K
}
Event: 21.936 GC heap after
{Heap after GC invocations=19 (full 0):
 garbage-first heap   total 61440K, used 35211K [0x0000000084800000, 0x0000000100000000)
  region size 1024K, 2 young (2048K), 2 survivors (2048K)
 Metaspace       used 29961K, committed 30528K, reserved 1114112K
  class space    used 3893K, committed 4160K, reserved 1048576K
}
Event: 27.496 GC heap before
{Heap before GC invocations=19 (full 0):
 garbage-first heap   total 61440K, used 54667K [0x0000000084800000, 0x0000000100000000)
  region size 1024K, 21 young (21504K), 2 survivors (2048K)
 Metaspace       used 30093K, committed 30592K, reserved 1114112K
  class space    used 3894K, committed 4160K, reserved 1048576K
}
Event: 27.499 GC heap after
{Heap after GC invocations=20 (full 0):
 garbage-first heap   total 61440K, used 34530K [0x0000000084800000, 0x0000000100000000)
  region size 1024K, 1 young (1024K), 1 survivors (1024K)
 Metaspace       used 30093K, committed 30592K, reserved 1114112K
  class space    used 3894K, committed 4160K, reserved 1048576K
}

